# JRE version: OpenJDK Runtime Environment (8.0_152) (build 1.8.0_152-release-1343-b16-5323222)
# Java VM: OpenJDK 64-Bit Server VM (25.152-b16-5323222 mixed mode linux-amd64 compressed oops)
Heap:
 PSYoungGen      total 389120K, used 190154K [0x00000000e0000000, 0x00000000f9c80000, 0x0000000100000000)
  eden space 358912K, 52% used [0x00000000e0000000,0x00000000eb9b2820,0x00000000f5e80000)
  from space 30208K, 0% used [0x00000000f5e80000,0x00000000f5e80000,0x00000000f7c00000)
  to   space 31744K, 0% used [0x00000000f7d80000,0x00000000f7d80000,0x00000000f9c80000)
 ParOldGen       total 214528K, used 40021K [0x00000000a0000000, 0x00000000ad180000, 0x00000000e0000000)
  object space 214528K, 18% used [0x00000000a0000000,0x00000000a2715690,0x00000000ad180000)
 Metaspace       used 101701K, capacity 106203K, committed 108312K, reserved 1144832K
  class space    used 12675K, capacity 13467K, committed 13856K, reserved 1048576K
GC Heap History (10 events):
Event: 6078,996 GC heap before
{Heap before GC invocations=27 (full 4):
 PSYoungGen      total 379904K, used 366845K [0x00000000e0000000, 0x00000000f9680000, 0x0000000100000000)
  eden space 351744K, 100% used [0x00000000e0000000,0x00000000f5780000,0x00000000f5780000)
  from space 28160K, 53% used [0x00000000f7b00000,0x00000000f89bf708,0x00000000f9680000)
  to   space 32256K, 0% used [0x00000000f5780000,0x00000000f5780000,0x00000000f7700000)
 ParOldGen       total 214528K, used 60854K [0x00000000a0000000, 0x00000000ad180000, 0x00000000e0000000)
  object space 214528K, 28% used [0x00000000a0000000,0x00000000a3b6d950,0x00000000ad180000)
 Metaspace       used 102730K, capacity 107891K, committed 108056K, reserved 1142784K
  class space    used 12886K, capacity 13782K, committed 13856K, reserved 1048576K
Event: 6079,022 GC heap after
Heap after GC invocations=27 (full 4):
 PSYoungGen      total 384000K, used 14696K [0x00000000e0000000, 0x00000000f9b80000, 0x0000000100000000)
  eden space 351744K, 0% used [0x00000000e0000000,0x00000000e0000000,0x00000000f5780000)
  from space 32256K, 45% used [0x00000000f5780000,0x00000000f65da2a0,0x00000000f7700000)
  to   space 31232K, 0% used [0x00000000f7d00000,0x00000000f7d00000,0x00000000f9b80000)
 ParOldGen       total 214528K, used 60862K [0x00000000a0000000, 0x00000000ad180000, 0x00000000e0000000)
  object space 214528K, 28% used [0x00000000a0000000,0x00000000a3b6f950,0x00000000ad180000)
 Metaspace       used 102730K, capacity 107891K, committed 108056K, reserved 1142784K
  class space    used 12886K, capacity 13782K, committed 13856K, reserved 1048576K
}
Event: 6434,692 GC heap before
{Heap before GC invocations=28 (full 4):
 PSYoungGen      total 384000K, used 224109K [0x00000000e0000000, 0x00000000f9b80000, 0x0000000100000000)
  eden space 351744K, 59% used [0x00000000e0000000,0x00000000ecc81190,0x00000000f5780000)
  from space 32256K, 45% used [0x00000000f5780000,0x00000000f65da2a0,0x00000000f7700000)
  to   space 31232K, 0% used [0x00000000f7d00000,0x00000000f7d00000,0x00000000f9b80000)
 ParOldGen       total 214528K, used 60862K [0x00000000a0000000, 0x00000000ad180000, 0x00000000e0000000)
  object space 214528K, 28% used [0x00000000a0000000,0x00000000a3b6f950,0x00000000ad180000)
 Metaspace       used 102887K, capacity 108139K, committed 108312K, reserved 1144832K
  class space    used 12892K, capacity 13792K, committed 13856K, reserved 1048576K
Event: 6434,712 GC heap after
Heap after GC invocations=28 (full 4):
 PSYoungGen      total 388096K, used 10926K [0x00000000e0000000, 0x00000000f9980000, 0x0000000100000000)
  eden space 358912K, 0% used [0x00000000e0000000,0x00000000e0000000,0x00000000f5e80000)
  from space 29184K, 37% used [0x00000000f7d00000,0x00000000f87ab960,0x00000000f9980000)
  to   space 30208K, 0% used [0x00000000f5e80000,0x00000000f5e80000,0x00000000f7c00000)
 ParOldGen       total 214528K, used 60870K [0x00000000a0000000, 0x00000000ad180000, 0x00000000e0000000)
  object space 214528K, 28% used [0x00000000a0000000,0x00000000a3b71950,0x00000000ad180000)
 Metaspace       used 102887K, capacity 108139K, committed 108312K, reserved 1144832K
  class space    used 12892K, capacity 13792K, committed 13856K, reserved 1048576K
}
Event: 6434,712 GC heap before
{Heap before GC invocations=29 (full 5):
 PSYoungGen      total 388096K, used 10926K [0x00000000e0000000, 0x00000000f9980000, 0x0000000100000000)
  eden space 358912K, 0% used [0x00000000e0000000,0x00000000e0000000,0x00000000f5e80000)
  from space 29184K, 37% used [0x00000000f7d00000,0x00000000f87ab960,0x00000000f9980000)
  to   space 30208K, 0% used [0x00000000f5e80000,0x00000000f5e80000,0x00000000f7c00000)
 ParOldGen       total 214528K, used 60870K [0x00000000a0000000, 0x00000000ad180000, 0x00000000e0000000)
  object space 214528K, 28% used [0x00000000a0000000,0x00000000a3b71950,0x00000000ad180000)
 Metaspace       used 102887K, capacity 108139K, committed 108312K, reserved 1144832K
  class space    used 12892K, capacity 13792K, committed 13856K, reserved 1048576K
Event: 6435,045 GC heap after
Heap after GC invocations=29 (full 5):
 PSYoungGen      total 388096K, used 0K [0x00000000e0000000, 0x00000000f9980000, 0x0000000100000000)
  eden space 358912K, 0% used [0x00000000e0000000,0x00000000e0000000,0x00000000f5e80000)
  from space 29184K, 0% used [0x00000000f7d00000,0x00000000f7d00000,0x00000000f9980000)
  to   space 30208K, 0% used [0x00000000f5e80000,0x00000000f5e80000,0x00000000f7c00000)
 ParOldGen       total 214528K, used 50199K [0x00000000a0000000, 0x00000000ad180000, 0x00000000e0000000)
  object space 214528K, 23% used [0x00000000a0000000,0x00000000a3105f40,0x00000000ad180000)
 Metaspace       used 102787K, capacity 107949K, committed 108312K, reserved 1144832K
  class space    used 12876K, capacity 13768K, committed 13856K, reserved 1048576K
}
Event: 10035,045 GC heap before
{Heap before GC invocations=30 (full 5):
 PSYoungGen      total 388096K, used 51490K [0x00000000e0000000, 0x00000000f9980000, 0x0000000100000000)
  eden space 358912K, 14% used [0x00000000e0000000,0x00000000e3248a80,0x00000000f5e80000)
  from space 29184K, 0% used [0x00000000f7d00000,0x00000000f7d00000,0x00000000f9980000)
  to   space 30208K, 0% used [0x00000000f5e80000,0x00000000f5e80000,0x00000000f7c00000)
 ParOldGen       total 214528K, used 50199K [0x00000000a0000000, 0x00000000ad180000, 0x00000000e0000000)
  object space 214528K, 23% used [0x00000000a0000000,0x00000000a3105f40,0x00000000ad180000)
 Metaspace       used 102798K, capacity 108013K, committed 108312K, reserved 1144832K
  class space    used 12878K, capacity 13768K, committed 13856K, reserved 1048576K
Event: 10035,050 GC heap after
Heap after GC invocations=30 (full 5):
 PSYoungGen      total 389120K, used 384K [0x00000000e0000000, 0x00000000f9c80000, 0x0000000100000000)
  eden space 358912K, 0% used [0x00000000e0000000,0x00000000e0000000,0x00000000f5e80000)
  from space 30208K, 1% used [0x00000000f5e80000,0x00000000f5ee0000,0x00000000f7c00000)
  to   space 31744K, 0% used [0x00000000f7d80000,0x00000000f7d80000,0x00000000f9c80000)
 ParOldGen       total 214528K, used 50199K [0x00000000a0000000, 0x00000000ad180000, 0x00000000e0000000)
  object space 214528K, 23% used [0x00000000a0000000,0x00000000a3105f40,0x00000000ad180000)
 Metaspace       used 102798K, capacity 108013K, committed 108312K, reserved 1144832K
  class space    used 12878K, capacity 13768K, committed 13856K, reserved 1048576K
}
Event: 10035,050 GC heap before
{Heap before GC invocations=31 (full 6):
 PSYoungGen      total 389120K, used 384K [0x00000000e0000000, 0x00000000f9c80000, 0x0000000100000000)
  eden space 358912K, 0% used [0x00000000e0000000,0x00000000e0000000,0x00000000f5e80000)
  from space 30208K, 1% used [0x00000000f5e80000,0x00000000f5ee0000,0x00000000f7c00000)
  to   space 31744K, 0% used [0x00000000f7d80000,0x00000000f7d80000,0x00000000f9c80000)
 ParOldGen       total 214528K, used 50199K [0x00000000a0000000, 0x00000000ad180000, 0x00000000e0000000)
  object space 214528K, 23% used [0x00000000a0000000,0x00000000a3105f40,0x00000000ad180000)
 Metaspace       used 102798K, capacity 108013K, committed 108312K, reserved 1144832K
  class space    used 12878K, capacity 13768K, committed 13856K, reserved 1048576K
Event: 10035,340 GC heap after
Heap after GC invocations=31 (full 6):
 PSYoungGen      total 389120K, used 0K [0x00000000e0000000, 0x00000000f9c80000, 0x0000000100000000)
  eden space 358912K, 0% used [0x00000000e0000000,0x00000000e0000000,0x00000000f5e80000)
  from space 30208K, 0% used [0x00000000f5e80000,0x00000000f5e80000,0x00000000f7c00000)
  to   space 31744K, 0% used [0x00000000f7d80000,0x00000000f7d80000,0x00000000f9c80000)
 ParOldGen       total 214528K, used 40021K [0x00000000a0000000, 0x00000000ad180000, 0x00000000e0000000)
  object space 214528K, 18% used [0x00000000a0000000,0x00000000a2715690,0x00000000ad180000)
 Metaspace       used 101193K, capacity 105505K, committed 108312K, reserved 1144832K
  class space    used 12604K, capacity 13334K, committed 13856K, reserved 1048576K
}

